<?xml version="1.0" encoding="UTF-8"?>
<!-- Generated by org.testng.reporters.JUnitXMLReporter -->
<testsuite hostname="Lenovo-PC" name="Test" tests="168" failures="7" timestamp="21 Nov 2015 05:34:13 GMT" time="13.379" errors="0">
  <testcase name="activateCommentTest" time="0.5" classname="com.uxian.foodgroup.FoodPostOperator.ActivateCommentTest"/>
  <testcase name="activateCommentTest" time="0.049" classname="com.uxian.foodgroup.FoodPostOperator.ActivateCommentTest"/>
  <testcase name="activateCommentTest" time="0.049" classname="com.uxian.foodgroup.FoodPostOperator.ActivateCommentTest"/>
  <testcase name="noRequiredTest" time="0.043" classname="com.uxian.foodgroup.FoodPostOperator.ActivateCommentTest"/>
  <testcase name="noRequiredTest" time="0.04" classname="com.uxian.foodgroup.FoodPostOperator.ActivateCommentTest"/>
  <testcase name="noRequiredTest" time="0.038" classname="com.uxian.foodgroup.FoodPostOperator.ActivateCommentTest"/>
  <testcase name="searchTagsTest" time="0.064" classname="com.uxian.foodgroup.FoodPostOperator.SearchTagsTest"/>
  <testcase name="searchTagsTest" time="0.052" classname="com.uxian.foodgroup.FoodPostOperator.SearchTagsTest"/>
  <testcase name="searchTagsTest" time="0.068" classname="com.uxian.foodgroup.FoodPostOperator.SearchTagsTest"/>
  <testcase name="foodpostShareTest" time="0.089" classname="com.uxian.foodgroup.FoodPostOperator.FoodpostShareTest"/>
  <testcase name="foodStampSourceTest" time="0.216" classname="com.uxian.foodgroup.FoodPostOperator.FoodStampSourceTest"/>
  <testcase name="foodStampSourceTest" time="0.197" classname="com.uxian.foodgroup.FoodPostOperator.FoodStampSourceTest"/>
  <testcase name="foodpostRewardTest" time="0.177" classname="com.uxian.foodgroup.FoodPostOperator.FoodpostRewardTest"/>
  <testcase name="foodpostRewardTest" time="0.072" classname="com.uxian.foodgroup.FoodPostOperator.FoodpostRewardTest"/>
  <testcase name="foodpostRewardTest" time="0.6" classname="com.uxian.foodgroup.FoodPostOperator.FoodpostRewardTest"/>
  <testcase name="getData_unnormalTest" time="0.049" classname="com.uxian.foodgroup.FoodPostOperator.FoodpostRewardTest"/>
  <testcase name="getData_unnormalTest" time="0.034" classname="com.uxian.foodgroup.FoodPostOperator.FoodpostRewardTest"/>
  <testcase name="getData_unnormalTest" time="0.031" classname="com.uxian.foodgroup.FoodPostOperator.FoodpostRewardTest"/>
  <testcase name="noPayModeTest" time="0.062" classname="com.uxian.foodgroup.FoodPostOperator.FoodpostRewardTest"/>
  <testcase name="foodPostAddTest" time="0.507" classname="com.uxian.foodgroup.FoodPostOperator.FoodPostAddTest"/>
  <testcase name="activateCommentTest" time="0.148" classname="com.uxian.foodgroup.FoodPostOperator.FoodPostCommentTest"/>
  <testcase name="noRequiredTest" time="0.041" classname="com.uxian.foodgroup.FoodPostOperator.FoodPostCommentTest"/>
  <testcase name="noRequiredTest" time="0.03" classname="com.uxian.foodgroup.FoodPostOperator.FoodPostCommentTest"/>
  <testcase name="noRequiredTest" time="0.029" classname="com.uxian.foodgroup.FoodPostOperator.FoodPostCommentTest"/>
  <testcase name="noRequiredTest" time="0.019" classname="com.uxian.foodgroup.FoodPostOperator.FoodPostCommentTest"/>
  <testcase name="noRequiredTest" time="0.033" classname="com.uxian.foodgroup.FoodPostOperator.FoodPostCommentTest"/>
  <testcase name="noRequiredTest" time="0.035" classname="com.uxian.foodgroup.FoodPostOperator.FoodPostDelCommentTest"/>
  <testcase name="noRequiredTest" time="0.031" classname="com.uxian.foodgroup.FoodPostOperator.FoodPostDelCommentTest"/>
  <testcase name="noRequiredTest" time="0.028" classname="com.uxian.foodgroup.FoodPostOperator.FoodPostDelCommentTest"/>
  <testcase name="noRequiredTest" time="0.033" classname="com.uxian.foodgroup.FoodPostOperator.FoodPostDelCommentTest"/>
  <testcase name="noRequiredTest" time="0.026" classname="com.uxian.foodgroup.FoodPostOperator.FoodPostDelCommentTest"/>
  <testcase name="activateCommentTest" time="0.151" classname="com.uxian.foodgroup.FoodPostOperator.FoodPostDelCommentTest"/>
  <testcase name="noRequiredTest" time="0.041" classname="com.uxian.foodgroup.FoodPostOperator.FoodPostDelTest"/>
  <testcase name="noRequiredTest" time="0.031" classname="com.uxian.foodgroup.FoodPostOperator.FoodPostDelTest"/>
  <testcase name="noRequiredTest" time="0.038" classname="com.uxian.foodgroup.FoodPostOperator.FoodPostDelTest"/>
  <testcase name="noRequiredTest" time="0.029" classname="com.uxian.foodgroup.FoodPostOperator.FoodPostDelTest"/>
  <testcase name="noRequiredTest" time="0.039" classname="com.uxian.foodgroup.FoodPostOperator.FoodPostDelTest"/>
  <testcase name="activateCommentTest" time="0.102" classname="com.uxian.foodgroup.FoodPostOperator.FoodPostDelTest"/>
  <testcase name="activateCommentTest" time="0.165" classname="com.uxian.foodgroup.FoodPostOperator.FoodPostPraiseTest"/>
  <testcase name="activateCommentTest" time="0.062" classname="com.uxian.foodgroup.FoodPostOperator.FoodPostPraiseTest"/>
  <testcase name="activateCommentTest" time="0.041" classname="com.uxian.foodgroup.FoodPostOperator.FoodPostPraiseTest"/>
  <testcase name="noRequiredTest" time="0.035" classname="com.uxian.foodgroup.FoodPostOperator.FoodPostPraiseTest"/>
  <testcase name="noRequiredTest" time="0.041" classname="com.uxian.foodgroup.FoodPostOperator.FoodPostPraiseTest"/>
  <testcase name="noRequiredTest" time="0.031" classname="com.uxian.foodgroup.FoodPostOperator.FoodPostPraiseTest"/>
  <testcase name="noRequiredTest" time="0.027" classname="com.uxian.foodgroup.FoodPostOperator.FoodPostPraiseTest"/>
  <testcase name="noRequiredTest" time="0.033" classname="com.uxian.foodgroup.FoodPostOperator.FoodPostPraiseTest"/>
  <testcase name="activateCommentTest" time="0.134" classname="com.uxian.foodgroup.FoodPostOperator.FoodPostPraiseCancelTest"/>
  <testcase name="activateCommentTest" time="0.064" classname="com.uxian.foodgroup.FoodPostOperator.FoodPraiseUsersTest"/>
  <testcase name="noRequiredTest" time="0.036" classname="com.uxian.foodgroup.FoodPostOperator.FoodPraiseUsersTest"/>
  <testcase name="noRequiredTest" time="0.038" classname="com.uxian.foodgroup.FoodPostOperator.FoodPraiseUsersTest"/>
  <testcase name="noRequiredTest" time="0.035" classname="com.uxian.foodgroup.FoodPostOperator.FoodPraiseUsersTest"/>
  <testcase name="noRequiredTest" time="0.032" classname="com.uxian.foodgroup.FoodPostOperator.FoodPraiseUsersTest"/>
  <testcase name="noRequiredTest" time="0.024" classname="com.uxian.foodgroup.FoodPostOperator.FoodPraiseUsersTest"/>
  <testcase name="activateCommentTest" time="0.136" classname="com.uxian.foodgroup.FoodPostOperator.FoodPostCollectionTest"/>
  <testcase name="activateCommentTest" time="0.061" classname="com.uxian.foodgroup.FoodPostOperator.FoodPostCollectionTest"/>
  <testcase name="activateCommentTest" time="0.044" classname="com.uxian.foodgroup.FoodPostOperator.FoodPostCollectionTest"/>
  <testcase name="noRequiredTest" time="0.022" classname="com.uxian.foodgroup.FoodPostOperator.FoodPostCollectionTest"/>
  <testcase name="noRequiredTest" time="0.019" classname="com.uxian.foodgroup.FoodPostOperator.FoodPostCollectionTest"/>
  <testcase name="noRequiredTest" time="0.03" classname="com.uxian.foodgroup.FoodPostOperator.FoodPostCollectionTest"/>
  <testcase name="noRequiredTest" time="0.029" classname="com.uxian.foodgroup.FoodPostOperator.FoodPostCollectionTest"/>
  <testcase name="noRequiredTest" time="0.041" classname="com.uxian.foodgroup.FoodPostOperator.FoodPostCollectionTest"/>
  <testcase name="activateCommentTest" time="0.047" classname="com.uxian.foodgroup.FoodPostOperator.FoodPostCommentListTest"/>
  <testcase name="noRequiredTest" time="0.022" classname="com.uxian.foodgroup.FoodPostOperator.FoodPostCommentListTest"/>
  <testcase name="noRequiredTest" time="0.032" classname="com.uxian.foodgroup.FoodPostOperator.FoodPostCommentListTest"/>
  <testcase name="activateCommentTest" time="0.045" classname="com.uxian.foodgroup.FoodPostOperator.FoodPostDetailsTest"/>
  <testcase name="noRequiredTest" time="0.034" classname="com.uxian.foodgroup.FoodPostOperator.FoodPostDetailsTest"/>
  <testcase name="noRequiredTest" time="0.023" classname="com.uxian.foodgroup.FoodPostOperator.FoodPostDetailsTest"/>
  <testcase name="noRequiredTest" time="0.033" classname="com.uxian.foodgroup.FoodPostOperator.FoodPostDetailsTest"/>
  <testcase name="noRequiredTest" time="0.021" classname="com.uxian.foodgroup.FoodPostOperator.FoodPostDetailsTest"/>
  <testcase name="noRequiredTest" time="0.033" classname="com.uxian.foodgroup.FoodPostOperator.FoodPostDetailsTest"/>
  <testcase name="foodPostAccusationTest" time="0.039" classname="com.uxian.foodgroup.FoodPostOperator.FoodPostAccusationTest"/>
  <testcase name="noRequiredTest" time="0.032" classname="com.uxian.foodgroup.FoodPostOperator.FoodPostAccusationTest"/>
  <testcase name="noRequiredTest" time="0.039" classname="com.uxian.foodgroup.FoodPostOperator.FoodPostAccusationTest"/>
  <testcase name="noRequiredTest" time="0.034" classname="com.uxian.foodgroup.FoodPostOperator.FoodPostAccusationTest"/>
  <testcase name="noRequiredTest" time="0.017" classname="com.uxian.foodgroup.FoodPostOperator.FoodPostAccusationTest"/>
  <testcase name="noRequiredTest" time="0.025" classname="com.uxian.foodgroup.FoodPostOperator.FoodPostAccusationTest"/>
  <testcase name="activateCommentTest" time="0.052" classname="com.uxian.foodgroup.FoodPostUserInfo.AddAttentionTest"/>
  <testcase name="activateCommentTest" time="0.048" classname="com.uxian.foodgroup.FoodPostUserInfo.AddAttentionTest"/>
  <testcase name="noRequiredTest" time="0.029" classname="com.uxian.foodgroup.FoodPostUserInfo.AddAttentionTest"/>
  <testcase name="noRequiredTest" time="0.041" classname="com.uxian.foodgroup.FoodPostUserInfo.AddAttentionTest"/>
  <testcase name="noRequiredTest" time="0.039" classname="com.uxian.foodgroup.FoodPostUserInfo.AddAttentionTest"/>
  <testcase name="noRequiredTest" time="0.029" classname="com.uxian.foodgroup.FoodPostUserInfo.AddAttentionTest"/>
  <testcase name="noRequiredTest" time="0.024" classname="com.uxian.foodgroup.FoodPostUserInfo.AddAttentionTest"/>
  <testcase name="activateCommentTest" time="0.051" classname="com.uxian.foodgroup.FoodPostUserInfo.AttentionUsersTest"/>
  <testcase name="activateCommentTest" time="0.05" classname="com.uxian.foodgroup.FoodPostUserInfo.AttentionUsersTest"/>
  <testcase name="noRequiredTest" time="0.041" classname="com.uxian.foodgroup.FoodPostUserInfo.AttentionUsersTest"/>
  <testcase name="noRequiredTest" time="0.048" classname="com.uxian.foodgroup.FoodPostUserInfo.AttentionUsersTest"/>
  <testcase name="noRequiredTest" time="0.049" classname="com.uxian.foodgroup.FoodPostUserInfo.AttentionUsersTest"/>
  <testcase name="noRequiredTest" time="0.043" classname="com.uxian.foodgroup.FoodPostUserInfo.AttentionUsersTest"/>
  <testcase name="noRequiredTest" time="0.042" classname="com.uxian.foodgroup.FoodPostUserInfo.AttentionUsersTest"/>
  <testcase name="noRequiredTest" time="0.029" classname="com.uxian.foodgroup.FoodPostUserInfo.AttentionUsersTest"/>
  <testcase name="activateCommentTest" time="0.073" classname="com.uxian.foodgroup.FoodPostUserInfo.CancelAttentionTest"/>
  <testcase name="activateCommentTest" time="0.041" classname="com.uxian.foodgroup.FoodPostUserInfo.CancelAttentionTest"/>
  <testcase name="noRequiredTest" time="0.019" classname="com.uxian.foodgroup.FoodPostUserInfo.CancelAttentionTest"/>
  <testcase name="noRequiredTest" time="0.034" classname="com.uxian.foodgroup.FoodPostUserInfo.CancelAttentionTest"/>
  <testcase name="noRequiredTest" time="0.018" classname="com.uxian.foodgroup.FoodPostUserInfo.CancelAttentionTest"/>
  <testcase name="noRequiredTest" time="0.031" classname="com.uxian.foodgroup.FoodPostUserInfo.CancelAttentionTest"/>
  <testcase name="noRequiredTest" time="0.032" classname="com.uxian.foodgroup.FoodPostUserInfo.CancelAttentionTest"/>
  <testcase name="editUserInfoTest" time="0.062" classname="com.uxian.foodgroup.FoodPostUserInfo.EditUserInfoTest"/>
  <testcase name="editUserInfoTest" time="0.061" classname="com.uxian.foodgroup.FoodPostUserInfo.EditUserInfoTest"/>
  <testcase name="editUserInfoTest" time="0.174" classname="com.uxian.foodgroup.FoodPostUserInfo.EditUserInfoTest"/>
  <testcase name="editUserInfoTest" time="0.076" classname="com.uxian.foodgroup.FoodPostUserInfo.EditUserInfoTest"/>
  <testcase name="editUserInfoTest" time="0.061" classname="com.uxian.foodgroup.FoodPostUserInfo.EditUserInfoTest"/>
  <testcase name="editUserInfoTest" time="0.045" classname="com.uxian.foodgroup.FoodPostUserInfo.EditUserInfoTest"/>
  <testcase name="editUserInfoTest" time="0.047" classname="com.uxian.foodgroup.FoodPostUserInfo.EditUserInfoTest"/>
  <testcase name="editUserInfoTest" time="0.298" classname="com.uxian.foodgroup.FoodPostUserInfo.EditUserInfoTest"/>
  <testcase name="editUserInfoTest" time="0.06" classname="com.uxian.foodgroup.FoodPostUserInfo.EditUserInfoTest"/>
  <testcase name="editUserInfoTest" time="0.069" classname="com.uxian.foodgroup.FoodPostUserInfo.EditUserInfoTest"/>
  <testcase name="noRequiredTest" time="0.037" classname="com.uxian.foodgroup.FoodPostUserInfo.EditUserInfoTest"/>
  <testcase name="noRequiredTest" time="0.036" classname="com.uxian.foodgroup.FoodPostUserInfo.EditUserInfoTest"/>
  <testcase name="noRequiredTest" time="0.038" classname="com.uxian.foodgroup.FoodPostUserInfo.EditUserInfoTest"/>
  <testcase name="activateCommentTest" time="0.052" classname="com.uxian.foodgroup.FoodPostUserInfo.FoodPostUserInfoTest"/>
  <testcase name="noRequiredTest" time="0.034" classname="com.uxian.foodgroup.FoodPostUserInfo.FoodPostUserInfoTest"/>
  <testcase name="noRequiredTest" time="0.041" classname="com.uxian.foodgroup.FoodPostUserInfo.FoodPostUserInfoTest"/>
  <testcase name="noRequiredTest" time="0.037" classname="com.uxian.foodgroup.FoodPostUserInfo.FoodPostUserInfoTest"/>
  <testcase name="noRequiredTest" time="0.023" classname="com.uxian.foodgroup.FoodPostUserInfo.FoodPostUserInfoTest"/>
  <testcase name="noRequiredTest" time="0.032" classname="com.uxian.foodgroup.FoodPostUserInfo.FoodPostUserInfoTest"/>
  <testcase name="inviteFoodUsersTest" time="0.247" classname="com.uxian.foodgroup.FoodPostUserInfo.InviteFoodUsersTest"/>
  <testcase name="inviteFoodUsersTest" time="0.235" classname="com.uxian.foodgroup.FoodPostUserInfo.InviteFoodUsersTest"/>
  <testcase name="isRepeatTest" time="0.102" classname="com.uxian.foodgroup.FoodPostUserInfo.IsRepeatUserNameTest"/>
  <testcase name="isRepeatTest" time="0.068" classname="com.uxian.foodgroup.FoodPostUserInfo.IsRepeatUserNameTest"/>
  <testcase name="noRequired" time="0.021" classname="com.uxian.foodgroup.FoodPostUserInfo.IsRepeatUserNameTest"/>
  <testcase name="noRequired" time="0.032" classname="com.uxian.foodgroup.FoodPostUserInfo.IsRepeatUserNameTest"/>
  <testcase name="noRequired" time="0.03" classname="com.uxian.foodgroup.FoodPostUserInfo.IsRepeatUserNameTest"/>
  <testcase name="noRequired" time="0.016" classname="com.uxian.foodgroup.FoodPostUserInfo.IsRepeatUserNameTest"/>
  <testcase name="inviteFoodUsersTest" time="0.193" classname="com.uxian.foodgroup.FoodPostUserInfo.SendInvitionTest"/>
  <testcase name="unAttentionFoodUsersTest" time="0.4" classname="com.uxian.foodgroup.FoodPostUserInfo.UnAttentionFoodUsersTest"/>
  <testcase name="inviteFoodUsersTest" time="0.054" classname="com.uxian.foodgroup.FoodPostUserInfo.TaskFinishStatusTest"/>
  <testcase name="attentionFoodPostsTest" time="0.129" classname="com.uxian.foodgroup.FoodPost.AttentionFoodPostsTest">
    <failure type="java.lang.AssertionError" message="expected [Success] but found [Exception]">
      <![CDATA[java.lang.AssertionError: expected [Success] but found [Exception]
	at com.uxian.foodgroup.FoodPost.AttentionFoodPostsTest.attentionFoodPostsTest(AttentionFoodPostsTest.java:77)
... Removed 29 stack frames]]>
    </failure>
  </testcase> <!-- attentionFoodPostsTest -->
  <testcase name="attentionFoodPostsTest" time="0.15" classname="com.uxian.foodgroup.FoodPost.AttentionFoodPostsTest">
    <failure type="java.lang.AssertionError" message="expected [Success] but found [Exception]">
      <![CDATA[java.lang.AssertionError: expected [Success] but found [Exception]
	at com.uxian.foodgroup.FoodPost.AttentionFoodPostsTest.attentionFoodPostsTest(AttentionFoodPostsTest.java:77)
... Removed 29 stack frames]]>
    </failure>
  </testcase> <!-- attentionFoodPostsTest -->
  <testcase name="noRequiredTest" time="0.043" classname="com.uxian.foodgroup.FoodPost.CollectionDelTest"/>
  <testcase name="noRequiredTest" time="0.034" classname="com.uxian.foodgroup.FoodPost.CollectionDelTest"/>
  <testcase name="noRequiredTest" time="0.03" classname="com.uxian.foodgroup.FoodPost.CollectionDelTest"/>
  <testcase name="collectionDelTest" time="0.135" classname="com.uxian.foodgroup.FoodPost.CollectionDelTest"/>
  <testcase name="collectionFoodPostsTest" time="0.056" classname="com.uxian.foodgroup.FoodPost.CollectionFoodPostsTest"/>
  <testcase name="collectionPostsTest" time="0.106" classname="com.uxian.foodgroup.FoodPost.CollectionPostsTest">
    <failure type="java.lang.AssertionError" message="expected [Success] but found [Exception]">
      <![CDATA[java.lang.AssertionError: expected [Success] but found [Exception]
	at com.uxian.foodgroup.FoodPost.CollectionPostsTest.collectionPostsTest(CollectionPostsTest.java:81)
... Removed 29 stack frames]]>
    </failure>
  </testcase> <!-- collectionPostsTest -->
  <testcase name="findFoodPostsTest" time="0.186" classname="com.uxian.foodgroup.FoodPost.FindFoodPostsTest"/>
  <testcase name="findFoodPostsTest" time="0.125" classname="com.uxian.foodgroup.FoodPost.FindFoodPostsTest">
    <failure type="java.lang.AssertionError" message="expected [Success] but found [Exception]">
      <![CDATA[java.lang.AssertionError: expected [Success] but found [Exception]
	at com.uxian.foodgroup.FoodPost.FindFoodPostsTest.findFoodPostsTest(FindFoodPostsTest.java:78)
... Removed 29 stack frames]]>
    </failure>
  </testcase> <!-- findFoodPostsTest -->
  <testcase name="hotConstituteItems" time="0.062" classname="com.uxian.foodgroup.FoodPost.HotConstituteItemsTest"/>
  <testcase name="hotConstituteItems" time="0.074" classname="com.uxian.foodgroup.FoodPost.HotConstituteItemsTest"/>
  <testcase name="othersFoodPostsTest" time="0.123" classname="com.uxian.foodgroup.FoodPost.OthersFoodPostsTest">
    <failure type="java.lang.AssertionError" message="expected [Success] but found [Exception]">
      <![CDATA[java.lang.AssertionError: expected [Success] but found [Exception]
	at com.uxian.foodgroup.FoodPost.OthersFoodPostsTest.othersFoodPostsTest(OthersFoodPostsTest.java:79)
... Removed 29 stack frames]]>
    </failure>
  </testcase> <!-- othersFoodPostsTest -->
  <testcase name="postSearChByTagTest" time="0.176" classname="com.uxian.foodgroup.FoodPost.PostSearChByTagTest">
    <failure type="java.lang.AssertionError" message="expected [Success] but found [Exception]">
      <![CDATA[java.lang.AssertionError: expected [Success] but found [Exception]
	at com.uxian.foodgroup.FoodPost.PostSearChByTagTest.postSearChByTagTest(PostSearChByTagTest.java:69)
... Removed 29 stack frames]]>
    </failure>
  </testcase> <!-- postSearChByTagTest -->
  <testcase name="postSearChByTagTest" time="0.237" classname="com.uxian.foodgroup.FoodPost.PostSearChByTagTest"/>
  <testcase name="postSearChByTagTest" time="0.085" classname="com.uxian.foodgroup.FoodPost.PostSearChByTagTest"/>
  <testcase name="postSearChByTagTest" time="0.026" classname="com.uxian.foodgroup.FoodPost.PostSearChByTagTest"/>
  <testcase name="signFoodPostsTest" time="0.109" classname="com.uxian.foodgroup.FoodPost.SignFoodPostsTest">
    <failure type="java.lang.AssertionError" message="expected [Success] but found [Exception]">
      <![CDATA[java.lang.AssertionError: expected [Success] but found [Exception]
	at com.uxian.foodgroup.FoodPost.SignFoodPostsTest.signFoodPostsTest(SignFoodPostsTest.java:81)
... Removed 29 stack frames]]>
    </failure>
  </testcase> <!-- signFoodPostsTest -->
  <testcase name="signFoodPostsTest" time="0.128" classname="com.uxian.foodgroup.FoodPost.SignFoodPostsTest"/>
  <testcase name="signFoodPostsTest" time="0.047" classname="com.uxian.foodgroup.FoodPost.SignFoodPostsTest"/>
  <testcase name="collectionCountTest" time="0.022" classname="com.uxian.foodgroup.DataCount.CollectionCountTest"/>
  <testcase name="noRequiredTest" time="0.026" classname="com.uxian.foodgroup.DataCount.CollectionCountTest"/>
  <testcase name="noRequiredTest" time="0.035" classname="com.uxian.foodgroup.DataCount.CollectionCountTest"/>
  <testcase name="commentCountTest" time="0.033" classname="com.uxian.foodgroup.DataCount.CommentCountTest"/>
  <testcase name="noRequiredTest" time="0.03" classname="com.uxian.foodgroup.DataCount.CommentCountTest"/>
  <testcase name="noRequiredTest" time="0.015" classname="com.uxian.foodgroup.DataCount.CommentCountTest"/>
  <testcase name="praisCountTest" time="0.036" classname="com.uxian.foodgroup.DataCount.PraisCountTest"/>
  <testcase name="noRequiredTest" time="0.044" classname="com.uxian.foodgroup.FoodMessage.PostMessagesDelTest"/>
  <testcase name="postMessagesDelTest" time="0.042" classname="com.uxian.foodgroup.FoodMessage.PostMessagesDelTest"/>
  <testcase name="messagesUpdateTest" time="0.046" classname="com.uxian.foodgroup.FoodMessage.MessagesUpdateTest"/>
  <testcase name="noRequiredTest" time="0.042" classname="com.uxian.foodgroup.FoodMessage.MessagesUpdateTest"/>
  <testcase name="noRequiredTest" time="0.022" classname="com.uxian.foodgroup.FoodMessage.MessagesUpdateTest"/>
  <testcase name="noRequiredTest" time="0.034" classname="com.uxian.foodgroup.FoodMessage.MessagesUpdateTest"/>
  <testcase name="noRequiredTest" time="0.03" classname="com.uxian.foodgroup.FoodMessage.MessagesUpdateTest"/>
  <testcase name="noRequiredTest" time="0.028" classname="com.uxian.foodgroup.FoodMessage.MessagesUpdateTest"/>
  <testcase name="foodPostMessagesTest" time="0.049" classname="com.uxian.foodgroup.FoodMessage.FoodPostMessagesTest"/>
  <testcase name="foodPostMessagesTest" time="0.038" classname="com.uxian.foodgroup.FoodMessage.FoodPostMessagesTest"/>
  <testcase name="cityListTest" time="0.197" classname="com.uxian.foodgroup.City.CityListTest"/>
  <testcase name="cityListTest" time="0.037" classname="com.uxian.foodgroup.City.CityListTest"/>
  <testcase name="noRequiredTest" time="0.033" classname="com.uxian.foodgroup.City.CityListTest"/>
</testsuite> <!-- Test -->
